<?xml version="1.0" encoding="UTF-8"?>
<!-- Generated by org.testng.reporters.JUnitReportReporter -->
<testsuite hostname="ISILDT10146" name="procedures_NewFramework.AYSmoke.Webcenter.WC_ApplicationPackage.SelectanAction.WC_RunReportResults_Input" tests="1" failures="0" timestamp="16 Aug 2016 11:48:27 GMT" time="0.001" errors="0">
  <testcase name="WC_RunReportResults_Input" time="0.001" classname="procedures_NewFramework.AYSmoke.Webcenter.WC_ApplicationPackage.SelectanAction.WC_RunReportResults_Input"/>
</testsuite> <!-- procedures_NewFramework.AYSmoke.Webcenter.WC_ApplicationPackage.SelectanAction.WC_RunReportResults_Input -->
