<?xml version="1.0" encoding="UTF-8"?>
<!-- Generated by org.testng.reporters.JUnitReportReporter -->
<testsuite hostname="ISILDT10146" name="procedures_NewFramework.AYSmoke.General.GL_LaunchBrowser" tests="1" failures="0" timestamp="11 Aug 2016 11:30:13 GMT" time="11.656" errors="0">
  <testcase name="GL_LaunchBrowser" time="11.656" classname="procedures_NewFramework.AYSmoke.General.GL_LaunchBrowser"/>
</testsuite> <!-- procedures_NewFramework.AYSmoke.General.GL_LaunchBrowser -->
