<?xml version="1.0" encoding="UTF-8"?>
<!-- Generated by org.testng.reporters.JUnitReportReporter -->
<testsuite hostname="ISILDT10146" name="procedures_NewFramework.AYSmoke.Webcenter.WC_ApplicationPackage.CreateLabelAndLetter.WC_CreateLabelResults_Input" tests="2" failures="0" timestamp="11 Aug 2016 11:30:13 GMT" time="0.001" errors="0">
  <testcase name="WC_CreateLabelResults_Input" time="0.000" classname="procedures_NewFramework.AYSmoke.Webcenter.WC_ApplicationPackage.CreateLabelAndLetter.WC_CreateLabelResults_Input"/>
  <testcase name="WC_CreateLabelResults_Input" time="0.001" classname="procedures_NewFramework.AYSmoke.Webcenter.WC_ApplicationPackage.CreateLabelAndLetter.WC_CreateLabelResults_Input"/>
</testsuite> <!-- procedures_NewFramework.AYSmoke.Webcenter.WC_ApplicationPackage.CreateLabelAndLetter.WC_CreateLabelResults_Input -->
