<?xml version="1.0" encoding="UTF-8"?>
<!-- Generated by org.testng.reporters.JUnitReportReporter -->
<testsuite hostname="ISILDT10146" name="procedures_NewFramework.AYSmoke.Facelift.FC_Dashboard_Verify" tests="1" failures="0" timestamp="31 Aug 2016 09:06:52 GMT" time="0.001" errors="0">
  <testcase name="FC_Dashboard_Verify" time="0.001" classname="procedures_NewFramework.AYSmoke.Facelift.FC_Dashboard_Verify"/>
</testsuite> <!-- procedures_NewFramework.AYSmoke.Facelift.FC_Dashboard_Verify -->
