<?xml version="1.0" encoding="UTF-8"?>
<!-- Generated by org.testng.reporters.JUnitReportReporter -->
<testsuite hostname="ISILDT10146" name="procedures_NewFramework.AYSmoke.General.GL_LaunchBrowser" tests="1" failures="0" timestamp="31 Aug 2016 09:06:52 GMT" time="13.112" errors="0">
  <testcase name="GL_LaunchBrowser" time="13.112" classname="procedures_NewFramework.AYSmoke.General.GL_LaunchBrowser"/>
</testsuite> <!-- procedures_NewFramework.AYSmoke.General.GL_LaunchBrowser -->
