<?xml version="1.0" encoding="UTF-8"?>
<!-- Generated by org.testng.reporters.JUnitReportReporter -->
<testsuite hostname="ISILDT10146" name="procedures_NewFramework.AYSmoke.Facelift.FC_UserLogin_Input" tests="1" failures="0" timestamp="31 Aug 2016 09:06:52 GMT" time="6.462" errors="0">
  <testcase name="FC_UserLogin_Input" time="6.462" classname="procedures_NewFramework.AYSmoke.Facelift.FC_UserLogin_Input"/>
</testsuite> <!-- procedures_NewFramework.AYSmoke.Facelift.FC_UserLogin_Input -->
